<?xml version="1.0" encoding="UTF-8"?>
<testsuite xmlns:xsi="http://www.w3.org/2001/XMLSchema-instance" xsi:noNamespaceSchemaLocation="https://maven.apache.org/surefire/maven-surefire-plugin/xsd/surefire-test-report-3.0.xsd" version="3.0" name="TestSuite" time="3.669" tests="1" errors="0" skipped="0" failures="0">
  <properties>
    <property name="java.specification.version" value="15"/>
    <property name="webdriver.chrome.driver" value="/Users/autodoc/.m2/repository/webdriver/chromedriver/mac64/96.0.4664.45/chromedriver"/>
    <property name="sun.jnu.encoding" value="UTF-8"/>
    <property name="java.class.path" value="/Users/autodoc/IdeaProjects/Project_03_08/target/test-classes:/Users/autodoc/IdeaProjects/Project_03_08/target/classes:/Users/autodoc/.m2/repository/org/testng/testng/6.14.3/testng-6.14.3.jar:/Users/autodoc/.m2/repository/com/beust/jcommander/1.72/jcommander-1.72.jar:/Users/autodoc/.m2/repository/org/apache-extras/beanshell/bsh/2.0b6/bsh-2.0b6.jar:/Users/autodoc/.m2/repository/org/seleniumhq/selenium/selenium-java/3.141.59/selenium-java-3.141.59.jar:/Users/autodoc/.m2/repository/org/seleniumhq/selenium/selenium-chrome-driver/3.141.59/selenium-chrome-driver-3.141.59.jar:/Users/autodoc/.m2/repository/org/seleniumhq/selenium/selenium-edge-driver/3.141.59/selenium-edge-driver-3.141.59.jar:/Users/autodoc/.m2/repository/org/seleniumhq/selenium/selenium-firefox-driver/3.141.59/selenium-firefox-driver-3.141.59.jar:/Users/autodoc/.m2/repository/org/seleniumhq/selenium/selenium-ie-driver/3.141.59/selenium-ie-driver-3.141.59.jar:/Users/autodoc/.m2/repository/org/seleniumhq/selenium/selenium-opera-driver/3.141.59/selenium-opera-driver-3.141.59.jar:/Users/autodoc/.m2/repository/org/seleniumhq/selenium/selenium-remote-driver/3.141.59/selenium-remote-driver-3.141.59.jar:/Users/autodoc/.m2/repository/org/seleniumhq/selenium/selenium-safari-driver/3.141.59/selenium-safari-driver-3.141.59.jar:/Users/autodoc/.m2/repository/org/seleniumhq/selenium/selenium-support/3.141.59/selenium-support-3.141.59.jar:/Users/autodoc/.m2/repository/net/bytebuddy/byte-buddy/1.8.15/byte-buddy-1.8.15.jar:/Users/autodoc/.m2/repository/org/apache/commons/commons-exec/1.3/commons-exec-1.3.jar:/Users/autodoc/.m2/repository/com/google/guava/guava/25.0-jre/guava-25.0-jre.jar:/Users/autodoc/.m2/repository/com/google/code/findbugs/jsr305/1.3.9/jsr305-1.3.9.jar:/Users/autodoc/.m2/repository/org/checkerframework/checker-compat-qual/2.0.0/checker-compat-qual-2.0.0.jar:/Users/autodoc/.m2/repository/com/google/errorprone/error_prone_annotations/2.1.3/error_prone_annotations-2.1.3.jar:/Users/autodoc/.m2/repository/com/google/j2objc/j2objc-annotations/1.1/j2objc-annotations-1.1.jar:/Users/autodoc/.m2/repository/org/codehaus/mojo/animal-sniffer-annotations/1.14/animal-sniffer-annotations-1.14.jar:/Users/autodoc/.m2/repository/com/squareup/okhttp3/okhttp/3.11.0/okhttp-3.11.0.jar:/Users/autodoc/.m2/repository/com/squareup/okio/okio/1.14.0/okio-1.14.0.jar:/Users/autodoc/.m2/repository/org/seleniumhq/selenium/selenium-api/3.141.59/selenium-api-3.141.59.jar:/Users/autodoc/.m2/repository/com/codeborne/selenide/5.6.1/selenide-5.6.1.jar:/Users/autodoc/.m2/repository/io/github/bonigarcia/webdrivermanager/3.8.0/webdrivermanager-3.8.0.jar:/Users/autodoc/.m2/repository/org/apache/commons/commons-lang3/3.8.1/commons-lang3-3.8.1.jar:/Users/autodoc/.m2/repository/org/apache/httpcomponents/httpclient/4.5.6/httpclient-4.5.6.jar:/Users/autodoc/.m2/repository/org/apache/httpcomponents/httpcore/4.4.10/httpcore-4.4.10.jar:/Users/autodoc/.m2/repository/commons-logging/commons-logging/1.2/commons-logging-1.2.jar:/Users/autodoc/.m2/repository/commons-codec/commons-codec/1.10/commons-codec-1.10.jar:/Users/autodoc/.m2/repository/org/rauschig/jarchivelib/1.0.0/jarchivelib-1.0.0.jar:/Users/autodoc/.m2/repository/org/apache/commons/commons-compress/1.18/commons-compress-1.18.jar:/Users/autodoc/.m2/repository/org/jsoup/jsoup/1.11.3/jsoup-1.11.3.jar:/Users/autodoc/.m2/repository/com/browserup/browserup-proxy-core/2.0.1/browserup-proxy-core-2.0.1.jar:/Users/autodoc/.m2/repository/com/browserup/browserup-proxy-mitm/2.0.1/browserup-proxy-mitm-2.0.1.jar:/Users/autodoc/.m2/repository/javax/xml/bind/jaxb-api/2.3.1/jaxb-api-2.3.1.jar:/Users/autodoc/.m2/repository/javax/activation/javax.activation-api/1.2.0/javax.activation-api-1.2.0.jar:/Users/autodoc/.m2/repository/com/fasterxml/jackson/core/jackson-core/2.9.9/jackson-core-2.9.9.jar:/Users/autodoc/.m2/repository/com/fasterxml/jackson/core/jackson-databind/2.9.9.1/jackson-databind-2.9.9.1.jar:/Users/autodoc/.m2/repository/com/fasterxml/jackson/core/jackson-annotations/2.9.9/jackson-annotations-2.9.9.jar:/Users/autodoc/.m2/repository/com/jcraft/jzlib/1.1.3/jzlib-1.1.3.jar:/Users/autodoc/.m2/repository/dnsjava/dnsjava/2.1.9/dnsjava-2.1.9.jar:/Users/autodoc/.m2/repository/org/bouncycastle/bcpkix-jdk15on/1.62/bcpkix-jdk15on-1.62.jar:/Users/autodoc/.m2/repository/org/bouncycastle/bcprov-jdk15on/1.62/bcprov-jdk15on-1.62.jar:/Users/autodoc/.m2/repository/org/brotli/dec/0.1.2/dec-0.1.2.jar:/Users/autodoc/.m2/repository/org/javassist/javassist/3.25.0-GA/javassist-3.25.0-GA.jar:/Users/autodoc/.m2/repository/org/slf4j/jcl-over-slf4j/1.7.28/jcl-over-slf4j-1.7.28.jar:/Users/autodoc/.m2/repository/io/netty/netty-all/4.1.44.Final/netty-all-4.1.44.Final.jar:/Users/autodoc/.m2/repository/xyz/rogfam/littleproxy/2.0.0-beta-5/littleproxy-2.0.0-beta-5.jar:/Users/autodoc/.m2/repository/com/barchart/udt/barchart-udt-bundle/2.3.0/barchart-udt-bundle-2.3.0.jar:/Users/autodoc/.m2/repository/org/slf4j/slf4j-api/1.7.30/slf4j-api-1.7.30.jar:/Users/autodoc/.m2/repository/org/apache/logging/log4j/log4j-api/2.17.1/log4j-api-2.17.1.jar:/Users/autodoc/.m2/repository/org/apache/logging/log4j/log4j-core/2.17.1/log4j-core-2.17.1.jar:/Users/autodoc/.m2/repository/ru/yandex/qatools/ashot/ashot/1.5.4/ashot-1.5.4.jar:/Users/autodoc/.m2/repository/commons-io/commons-io/2.5/commons-io-2.5.jar:/Users/autodoc/.m2/repository/com/google/code/gson/gson/2.6.2/gson-2.6.2.jar:/Users/autodoc/.m2/repository/org/hamcrest/hamcrest-core/1.3/hamcrest-core-1.3.jar:/Users/autodoc/.m2/repository/io/qameta/allure/allure-testng/2.14.0/allure-testng-2.14.0.jar:/Users/autodoc/.m2/repository/io/qameta/allure/allure-java-commons/2.14.0/allure-java-commons-2.14.0.jar:/Users/autodoc/.m2/repository/io/qameta/allure/allure-model/2.14.0/allure-model-2.14.0.jar:/Users/autodoc/.m2/repository/org/apache/tika/tika-core/1.26/tika-core-1.26.jar:/Users/autodoc/.m2/repository/javax/activation/activation/1.1.1/activation-1.1.1.jar:/Users/autodoc/.m2/repository/org/jooq/joor-java-8/0.9.14/joor-java-8-0.9.14.jar:/Users/autodoc/.m2/repository/io/qameta/allure/allure-test-filter/2.14.0/allure-test-filter-2.14.0.jar:"/>
    <property name="java.vm.vendor" value="Oracle Corporation"/>
    <property name="sun.arch.data.model" value="64"/>
    <property name="java.vendor.url" value="https://java.oracle.com/"/>
    <property name="user.timezone" value="Europe/Kiev"/>
    <property name="os.name" value="Mac OS X"/>
    <property name="java.vm.specification.version" value="15"/>
    <property name="sun.java.launcher" value="SUN_STANDARD"/>
    <property name="user.country" value="UA"/>
    <property name="sun.boot.library.path" value="/Users/autodoc/Library/Java/JavaVirtualMachines/openjdk-15/Contents/Home/lib"/>
    <property name="sun.java.command" value="/Users/autodoc/IdeaProjects/Project_03_08/target/surefire/surefirebooter10511117946889747430.jar /Users/autodoc/IdeaProjects/Project_03_08/target/surefire 2022-01-09T17-19-51_228-jvmRun1 surefire16972571653691689797tmp surefire_06720467798031602607tmp"/>
    <property name="http.nonProxyHosts" value="local|*.local|169.254/16|*.169.254/16"/>
    <property name="jdk.debug" value="release"/>
    <property name="surefire.test.class.path" value="/Users/autodoc/IdeaProjects/Project_03_08/target/test-classes:/Users/autodoc/IdeaProjects/Project_03_08/target/classes:/Users/autodoc/.m2/repository/org/testng/testng/6.14.3/testng-6.14.3.jar:/Users/autodoc/.m2/repository/com/beust/jcommander/1.72/jcommander-1.72.jar:/Users/autodoc/.m2/repository/org/apache-extras/beanshell/bsh/2.0b6/bsh-2.0b6.jar:/Users/autodoc/.m2/repository/org/seleniumhq/selenium/selenium-java/3.141.59/selenium-java-3.141.59.jar:/Users/autodoc/.m2/repository/org/seleniumhq/selenium/selenium-chrome-driver/3.141.59/selenium-chrome-driver-3.141.59.jar:/Users/autodoc/.m2/repository/org/seleniumhq/selenium/selenium-edge-driver/3.141.59/selenium-edge-driver-3.141.59.jar:/Users/autodoc/.m2/repository/org/seleniumhq/selenium/selenium-firefox-driver/3.141.59/selenium-firefox-driver-3.141.59.jar:/Users/autodoc/.m2/repository/org/seleniumhq/selenium/selenium-ie-driver/3.141.59/selenium-ie-driver-3.141.59.jar:/Users/autodoc/.m2/repository/org/seleniumhq/selenium/selenium-opera-driver/3.141.59/selenium-opera-driver-3.141.59.jar:/Users/autodoc/.m2/repository/org/seleniumhq/selenium/selenium-remote-driver/3.141.59/selenium-remote-driver-3.141.59.jar:/Users/autodoc/.m2/repository/org/seleniumhq/selenium/selenium-safari-driver/3.141.59/selenium-safari-driver-3.141.59.jar:/Users/autodoc/.m2/repository/org/seleniumhq/selenium/selenium-support/3.141.59/selenium-support-3.141.59.jar:/Users/autodoc/.m2/repository/net/bytebuddy/byte-buddy/1.8.15/byte-buddy-1.8.15.jar:/Users/autodoc/.m2/repository/org/apache/commons/commons-exec/1.3/commons-exec-1.3.jar:/Users/autodoc/.m2/repository/com/google/guava/guava/25.0-jre/guava-25.0-jre.jar:/Users/autodoc/.m2/repository/com/google/code/findbugs/jsr305/1.3.9/jsr305-1.3.9.jar:/Users/autodoc/.m2/repository/org/checkerframework/checker-compat-qual/2.0.0/checker-compat-qual-2.0.0.jar:/Users/autodoc/.m2/repository/com/google/errorprone/error_prone_annotations/2.1.3/error_prone_annotations-2.1.3.jar:/Users/autodoc/.m2/repository/com/google/j2objc/j2objc-annotations/1.1/j2objc-annotations-1.1.jar:/Users/autodoc/.m2/repository/org/codehaus/mojo/animal-sniffer-annotations/1.14/animal-sniffer-annotations-1.14.jar:/Users/autodoc/.m2/repository/com/squareup/okhttp3/okhttp/3.11.0/okhttp-3.11.0.jar:/Users/autodoc/.m2/repository/com/squareup/okio/okio/1.14.0/okio-1.14.0.jar:/Users/autodoc/.m2/repository/org/seleniumhq/selenium/selenium-api/3.141.59/selenium-api-3.141.59.jar:/Users/autodoc/.m2/repository/com/codeborne/selenide/5.6.1/selenide-5.6.1.jar:/Users/autodoc/.m2/repository/io/github/bonigarcia/webdrivermanager/3.8.0/webdrivermanager-3.8.0.jar:/Users/autodoc/.m2/repository/org/apache/commons/commons-lang3/3.8.1/commons-lang3-3.8.1.jar:/Users/autodoc/.m2/repository/org/apache/httpcomponents/httpclient/4.5.6/httpclient-4.5.6.jar:/Users/autodoc/.m2/repository/org/apache/httpcomponents/httpcore/4.4.10/httpcore-4.4.10.jar:/Users/autodoc/.m2/repository/commons-logging/commons-logging/1.2/commons-logging-1.2.jar:/Users/autodoc/.m2/repository/commons-codec/commons-codec/1.10/commons-codec-1.10.jar:/Users/autodoc/.m2/repository/org/rauschig/jarchivelib/1.0.0/jarchivelib-1.0.0.jar:/Users/autodoc/.m2/repository/org/apache/commons/commons-compress/1.18/commons-compress-1.18.jar:/Users/autodoc/.m2/repository/org/jsoup/jsoup/1.11.3/jsoup-1.11.3.jar:/Users/autodoc/.m2/repository/com/browserup/browserup-proxy-core/2.0.1/browserup-proxy-core-2.0.1.jar:/Users/autodoc/.m2/repository/com/browserup/browserup-proxy-mitm/2.0.1/browserup-proxy-mitm-2.0.1.jar:/Users/autodoc/.m2/repository/javax/xml/bind/jaxb-api/2.3.1/jaxb-api-2.3.1.jar:/Users/autodoc/.m2/repository/javax/activation/javax.activation-api/1.2.0/javax.activation-api-1.2.0.jar:/Users/autodoc/.m2/repository/com/fasterxml/jackson/core/jackson-core/2.9.9/jackson-core-2.9.9.jar:/Users/autodoc/.m2/repository/com/fasterxml/jackson/core/jackson-databind/2.9.9.1/jackson-databind-2.9.9.1.jar:/Users/autodoc/.m2/repository/com/fasterxml/jackson/core/jackson-annotations/2.9.9/jackson-annotations-2.9.9.jar:/Users/autodoc/.m2/repository/com/jcraft/jzlib/1.1.3/jzlib-1.1.3.jar:/Users/autodoc/.m2/repository/dnsjava/dnsjava/2.1.9/dnsjava-2.1.9.jar:/Users/autodoc/.m2/repository/org/bouncycastle/bcpkix-jdk15on/1.62/bcpkix-jdk15on-1.62.jar:/Users/autodoc/.m2/repository/org/bouncycastle/bcprov-jdk15on/1.62/bcprov-jdk15on-1.62.jar:/Users/autodoc/.m2/repository/org/brotli/dec/0.1.2/dec-0.1.2.jar:/Users/autodoc/.m2/repository/org/javassist/javassist/3.25.0-GA/javassist-3.25.0-GA.jar:/Users/autodoc/.m2/repository/org/slf4j/jcl-over-slf4j/1.7.28/jcl-over-slf4j-1.7.28.jar:/Users/autodoc/.m2/repository/io/netty/netty-all/4.1.44.Final/netty-all-4.1.44.Final.jar:/Users/autodoc/.m2/repository/xyz/rogfam/littleproxy/2.0.0-beta-5/littleproxy-2.0.0-beta-5.jar:/Users/autodoc/.m2/repository/com/barchart/udt/barchart-udt-bundle/2.3.0/barchart-udt-bundle-2.3.0.jar:/Users/autodoc/.m2/repository/org/slf4j/slf4j-api/1.7.30/slf4j-api-1.7.30.jar:/Users/autodoc/.m2/repository/org/apache/logging/log4j/log4j-api/2.17.1/log4j-api-2.17.1.jar:/Users/autodoc/.m2/repository/org/apache/logging/log4j/log4j-core/2.17.1/log4j-core-2.17.1.jar:/Users/autodoc/.m2/repository/ru/yandex/qatools/ashot/ashot/1.5.4/ashot-1.5.4.jar:/Users/autodoc/.m2/repository/commons-io/commons-io/2.5/commons-io-2.5.jar:/Users/autodoc/.m2/repository/com/google/code/gson/gson/2.6.2/gson-2.6.2.jar:/Users/autodoc/.m2/repository/org/hamcrest/hamcrest-core/1.3/hamcrest-core-1.3.jar:/Users/autodoc/.m2/repository/io/qameta/allure/allure-testng/2.14.0/allure-testng-2.14.0.jar:/Users/autodoc/.m2/repository/io/qameta/allure/allure-java-commons/2.14.0/allure-java-commons-2.14.0.jar:/Users/autodoc/.m2/repository/io/qameta/allure/allure-model/2.14.0/allure-model-2.14.0.jar:/Users/autodoc/.m2/repository/org/apache/tika/tika-core/1.26/tika-core-1.26.jar:/Users/autodoc/.m2/repository/javax/activation/activation/1.1.1/activation-1.1.1.jar:/Users/autodoc/.m2/repository/org/jooq/joor-java-8/0.9.14/joor-java-8-0.9.14.jar:/Users/autodoc/.m2/repository/io/qameta/allure/allure-test-filter/2.14.0/allure-test-filter-2.14.0.jar:"/>
    <property name="allure.results.directory" value="target/allure-results"/>
    <property name="sun.cpu.endian" value="little"/>
    <property name="user.home" value="/Users/autodoc"/>
    <property name="user.language" value="ru"/>
    <property name="java.specification.vendor" value="Oracle Corporation"/>
    <property name="java.version.date" value="2020-09-15"/>
    <property name="java.home" value="/Users/autodoc/Library/Java/JavaVirtualMachines/openjdk-15/Contents/Home"/>
    <property name="file.separator" value="/"/>
    <property name="basedir" value="/Users/autodoc/IdeaProjects/Project_03_08"/>
    <property name="java.vm.compressedOopsMode" value="Zero based"/>
    <property name="line.separator" value="&#10;"/>
    <property name="java.vm.specification.vendor" value="Oracle Corporation"/>
    <property name="java.specification.name" value="Java Platform API Specification"/>
    <property name="surefire.real.class.path" value="/Users/autodoc/IdeaProjects/Project_03_08/target/surefire/surefirebooter10511117946889747430.jar"/>
    <property name="sun.management.compiler" value="HotSpot 64-Bit Tiered Compilers"/>
    <property name="ftp.nonProxyHosts" value="local|*.local|169.254/16|*.169.254/16"/>
    <property name="java.runtime.version" value="15+36-1562"/>
    <property name="user.name" value="autodoc"/>
    <property name="path.separator" value=":"/>
    <property name="os.version" value="10.16"/>
    <property name="java.runtime.name" value="OpenJDK Runtime Environment"/>
    <property name="file.encoding" value="US-ASCII"/>
    <property name="java.vm.name" value="OpenJDK 64-Bit Server VM"/>
    <property name="localRepository" value="/Users/autodoc/.m2/repository"/>
    <property name="java.vendor.url.bug" value="https://bugreport.java.com/bugreport/"/>
    <property name="java.io.tmpdir" value="/var/folders/wt/ng47kp7x1hb0n5q69j9rxk_00000gn/T/"/>
    <property name="idea.version" value="2021.2.2"/>
    <property name="java.version" value="15"/>
    <property name="user.dir" value="/Users/autodoc/IdeaProjects/Project_03_08"/>
    <property name="os.arch" value="x86_64"/>
    <property name="java.vm.specification.name" value="Java Virtual Machine Specification"/>
    <property name="java.library.path" value="/Users/autodoc/Library/Java/Extensions:/Library/Java/Extensions:/Network/Library/Java/Extensions:/System/Library/Java/Extensions:/usr/lib/java:."/>
    <property name="java.vm.info" value="mixed mode, sharing"/>
    <property name="java.vendor" value="Oracle Corporation"/>
    <property name="java.vm.version" value="15+36-1562"/>
    <property name="sun.io.unicode.encoding" value="UnicodeBig"/>
    <property name="socksNonProxyHosts" value="local|*.local|169.254/16|*.169.254/16"/>
    <property name="java.class.version" value="59.0"/>
  </properties>
  <testcase name="test" classname="FirstTestFromMvn" time="3.005">
    <system-out><![CDATA[Test Run From Maven
]]></system-out>
    <system-err><![CDATA[SLF4J: Failed to load class "org.slf4j.impl.StaticLoggerBinder".
SLF4J: Defaulting to no-operation (NOP) logger implementation
SLF4J: See http://www.slf4j.org/codes.html#StaticLoggerBinder for further details.
Starting ChromeDriver 96.0.4664.45 (76e4c1bb2ab4671b8beba3444e61c0f17584b2fc-refs/branch-heads/4664@{#947}) on port 41542
Only local connections are allowed.
Please see https://chromedriver.chromium.org/security-considerations for suggestions on keeping ChromeDriver safe.
ChromeDriver was started successfully.
???. 09, 2022 5:19:54 PM org.openqa.selenium.remote.ProtocolHandshake createSession
INFO: Detected dialect: W3C
]]></system-err>
  </testcase>
</testsuite>