<?xml version="1.0" encoding="UTF-8"?>
<!-- Generated by org.testng.reporters.JUnitReportReporter -->
<testsuite hostname="MacBook-Pro-AutoDoc-2.local" failures="0" tests="1" name="FirstTestFromMvn" time="2.792" errors="0" timestamp="08 янв. 2022 11:13:23 GMT" skipped="0">
  <testcase classname="FirstTestFromMvn" name="test" time="2.792"/>
</testsuite> <!-- FirstTestFromMvn -->
