<?xml version="1.0" encoding="UTF-8"?>
<!-- Generated by org.testng.reporters.JUnitReportReporter -->
<testsuite hostname="MacBook-Pro-AutoDoc-2.local" failures="0" tests="1" name="FirstTestFromMvn" time="3.288" errors="0" timestamp="09 янв. 2022 15:19:55 GMT" skipped="0">
  <testcase classname="FirstTestFromMvn" name="test" time="3.288"/>
</testsuite> <!-- FirstTestFromMvn -->
